2023-04-17T15:35:25+00:00 INFO Start-Cartflows_Admin_Report_Emails::send_weekly_report_email
2023-04-17T15:35:25+00:00 INFO Send weekly emails to hiyoka1998@gmail.com
2023-04-17T15:35:25+00:00 INFO Total Revenue: 0.00
2023-04-17T15:35:25+00:00 INFO Start-Cartflows_Admin_Report_Emails::send_weekly_report_email
2023-04-17T15:35:25+00:00 INFO Send weekly emails to hiyoka1998@gmail.com
2023-04-17T15:35:25+00:00 INFO Total Revenue: 0.00
2023-04-17T16:06:45+00:00 INFO Start-Cartflows_Frontend::redirect_to_thankyou_page
2023-04-17T16:06:45+00:00 INFO Only for thank you page
2023-04-17T16:06:45+00:00 INFO End-Cartflows_Frontend::redirect_to_thankyou_page
2023-04-17T16:23:34+00:00 INFO Start-Cartflows_Frontend::redirect_to_thankyou_page
2023-04-17T16:23:34+00:00 INFO Only for thank you page
2023-04-17T16:23:34+00:00 INFO End-Cartflows_Frontend::redirect_to_thankyou_page
2023-04-17T16:27:12+00:00 INFO Start-Cartflows_Frontend::redirect_to_thankyou_page
2023-04-17T16:27:12+00:00 INFO Only for thank you page
2023-04-17T16:27:12+00:00 INFO End-Cartflows_Frontend::redirect_to_thankyou_page
2023-04-17T16:34:44+00:00 INFO Start-Cartflows_Frontend::redirect_to_thankyou_page
2023-04-17T16:34:44+00:00 INFO Only for thank you page
2023-04-17T16:34:44+00:00 INFO End-Cartflows_Frontend::redirect_to_thankyou_page
2023-04-17T16:59:18+00:00 INFO Start-Cartflows_Frontend::redirect_to_thankyou_page
2023-04-17T16:59:18+00:00 INFO Only for thank you page
2023-04-17T16:59:18+00:00 INFO End-Cartflows_Frontend::redirect_to_thankyou_page
2023-04-17T17:23:21+00:00 INFO Start-Cartflows_Frontend::redirect_to_thankyou_page
2023-04-17T17:23:21+00:00 INFO Only for thank you page
2023-04-17T17:23:21+00:00 INFO End-Cartflows_Frontend::redirect_to_thankyou_page
